[debug] [2021-06-05T06:11:18.203Z] ----------------------------------------------------------------------
[debug] [2021-06-05T06:11:18.206Z] Command:       C:\Program Files\nodejs\node.exe C:\Users\compu\AppData\Roaming\npm\node_modules\firebase-tools\lib\bin\firebase.js emulators:start
[debug] [2021-06-05T06:11:18.206Z] CLI Version:   9.10.0
[debug] [2021-06-05T06:11:18.206Z] Platform:      win32
[debug] [2021-06-05T06:11:18.206Z] Node Version:  v14.16.0
[debug] [2021-06-05T06:11:18.208Z] Time:          Sat Jun 05 2021 11:41:18 GMT+0530 (India Standard Time)
[debug] [2021-06-05T06:11:18.208Z] ----------------------------------------------------------------------
[debug] 
[debug] [2021-06-05T06:11:18.220Z] > command requires scopes: ["email","openid","https://www.googleapis.com/auth/cloudplatformprojects.readonly","https://www.googleapis.com/auth/firebase","https://www.googleapis.com/auth/cloud-platform"]
[debug] Failed to authenticate, have you run firebase login?
[warn] !  emulators: You are not currently authenticated so some features may not work correctly. Please run firebase login to authenticate the CLI. 
[info] i  emulators: Starting emulators: functions, hosting {"metadata":{"emulator":{"name":"hub"},"message":"Starting emulators: functions, hosting"}}
[debug] [2021-06-05T06:11:18.262Z] [hub] writing locator at C:\Users\compu\AppData\Local\Temp\hub-clone-8b2e1.json
[warn] !  functions: The following emulators are not running, calls to these services from the Functions emulator will affect production: auth, firestore, database, pubsub {"metadata":{"emulator":{"name":"functions"},"message":"The following emulators are not running, calls to these services from the Functions emulator will affect production: \u001b[1mauth, firestore, database, pubsub\u001b[22m"}}
[warn] !  Your requested "node" version "10" doesn't match your global version "14" {"metadata":{"emulator":{"name":"functions"},"message":"Your requested \"node\" version \"10\" doesn't match your global version \"14\""}}
[warn] !  functions: You are not signed in to the Firebase CLI. If you have authorized this machine using gcloud application-default credentials those may be discovered and used to access production services. {"metadata":{"emulator":{"name":"functions"},"message":"You are not signed in to the Firebase CLI. If you have authorized this machine using gcloud application-default credentials those may be discovered and used to access production services."}}
[debug] [2021-06-05T06:11:18.280Z] > refreshing access token with scopes: []
[debug] [2021-06-05T06:11:18.281Z] >>> HTTP REQUEST POST https://www.googleapis.com/oauth2/v3/token  
 <request body omitted>
[debug] [2021-06-05T06:11:18.512Z] <<< HTTP RESPONSE 400 {"cache-control":"no-cache, no-store, max-age=0, must-revalidate","expires":"Mon, 01 Jan 1990 00:00:00 GMT","pragma":"no-cache","date":"Sat, 05 Jun 2021 06:11:18 GMT","content-type":"application/json; charset=utf-8","vary":"X-Origin, Referer, Origin,Accept-Encoding","server":"scaffolding on HTTPServer2","x-xss-protection":"0","x-frame-options":"SAMEORIGIN","x-content-type-options":"nosniff","alt-svc":"h3-29=\":443\"; ma=2592000,h3-T051=\":443\"; ma=2592000,h3-Q050=\":443\"; ma=2592000,h3-Q046=\":443\"; ma=2592000,h3-Q043=\":443\"; ma=2592000,quic=\":443\"; ma=2592000; v=\"46,43\"","accept-ranges":"none","transfer-encoding":"chunked"}
[debug] [2021-06-05T06:11:18.516Z] >>> [apiv2][query] GET https://firebase.googleapis.com/v1beta1/projects/clone-8b2e1/adminSdkConfig [none]
[debug] [2021-06-05T06:11:18.710Z] <<< [apiv2][status] GET https://firebase.googleapis.com/v1beta1/projects/clone-8b2e1/adminSdkConfig 401
[debug] [2021-06-05T06:11:18.711Z] <<< [apiv2][body] GET https://firebase.googleapis.com/v1beta1/projects/clone-8b2e1/adminSdkConfig {"error":{"code":401,"message":"Request is missing required authentication credential. Expected OAuth 2 access token, login cookie or other valid authentication credential. See https://developers.google.com/identity/sign-in/web/devconsole-project.","status":"UNAUTHENTICATED"}}
[debug] [2021-06-05T06:11:18.713Z] Failed to get Admin SDK config for clone-8b2e1, falling back to cache Failed to get Admin SDK for Firebase project clone-8b2e1. Please make sure the project exists and your account has permission to access it. {"name":"FirebaseError","children":[],"exit":2,"message":"Failed to get Admin SDK for Firebase project clone-8b2e1. Please make sure the project exists and your account has permission to access it.","original":{"name":"FirebaseError","children":[],"context":{"body":{"error":{"code":401,"message":"Request is missing required authentication credential. Expected OAuth 2 access token, login cookie or other valid authentication credential. See https://developers.google.com/identity/sign-in/web/devconsole-project.","status":"UNAUTHENTICATED"}},"response":{"statusCode":401}},"exit":1,"message":"HTTP Error: 401, Request is missing required authentication credential. Expected OAuth 2 access token, login cookie or other valid authentication credential. See https://developers.google.com/identity/sign-in/web/devconsole-project.","status":401},"status":500}
[warn] !  functions: Unable to fetch project Admin SDK configuration, Admin SDK behavior in Cloud Functions emulator may be incorrect. {"metadata":{"emulator":{"name":"functions"},"message":"Unable to fetch project Admin SDK configuration, Admin SDK behavior in Cloud Functions emulator may be incorrect."}}
[debug] [2021-06-05T06:11:18.736Z] > refreshing access token with scopes: []
[debug] [2021-06-05T06:11:18.736Z] >>> HTTP REQUEST POST https://www.googleapis.com/oauth2/v3/token  
 <request body omitted>
[debug] [2021-06-05T06:11:18.992Z] <<< HTTP RESPONSE 400 {"date":"Sat, 05 Jun 2021 06:11:18 GMT","cache-control":"no-cache, no-store, max-age=0, must-revalidate","expires":"Mon, 01 Jan 1990 00:00:00 GMT","pragma":"no-cache","content-type":"application/json; charset=utf-8","vary":"X-Origin, Referer, Origin,Accept-Encoding","server":"scaffolding on HTTPServer2","x-xss-protection":"0","x-frame-options":"SAMEORIGIN","x-content-type-options":"nosniff","alt-svc":"h3-29=\":443\"; ma=2592000,h3-T051=\":443\"; ma=2592000,h3-Q050=\":443\"; ma=2592000,h3-Q046=\":443\"; ma=2592000,h3-Q043=\":443\"; ma=2592000,quic=\":443\"; ma=2592000; v=\"46,43\"","accept-ranges":"none","transfer-encoding":"chunked"}
[debug] [2021-06-05T06:11:18.993Z] >>> [apiv2][query] GET https://firebase.googleapis.com/v1beta1/projects/clone-8b2e1/webApps/-/config [none]
[debug] [2021-06-05T06:11:19.170Z] <<< [apiv2][status] GET https://firebase.googleapis.com/v1beta1/projects/clone-8b2e1/webApps/-/config 401
[debug] [2021-06-05T06:11:19.171Z] <<< [apiv2][body] GET https://firebase.googleapis.com/v1beta1/projects/clone-8b2e1/webApps/-/config {"error":{"code":401,"message":"Request is missing required authentication credential. Expected OAuth 2 access token, login cookie or other valid authentication credential. See https://developers.google.com/identity/sign-in/web/devconsole-project.","status":"UNAUTHENTICATED"}}
[debug] [2021-06-05T06:11:19.171Z] fetchWebSetup error: FirebaseError: HTTP Error: 401, Request is missing required authentication credential. Expected OAuth 2 access token, login cookie or other valid authentication credential. See https://developers.google.com/identity/sign-in/web/devconsole-project.
[warn] !  hosting: Could not fetch web app configuration and there is no cached configuration on this machine. Check your internet connection and make sure you are authenticated. To continue, you must call firebase.initializeApp({...}) in your code before using Firebase. 
[info] i  hosting: Serving hosting files from: build {"metadata":{"emulator":{"name":"hosting"},"message":"Serving hosting files from: \u001b[1mbuild\u001b[22m"}}
[info] +  hosting: Local server: http://localhost:5000 {"metadata":{"emulator":{"name":"hosting"},"message":"Local server: \u001b[4m\u001b[1mhttp://localhost:5000\u001b[22m\u001b[24m"}}
[debug] [2021-06-05T06:11:19.244Z] Ignoring unsupported arg: auto_download {"metadata":{"emulator":{"name":"ui"},"message":"Ignoring unsupported arg: auto_download"}}
[debug] [2021-06-05T06:11:19.245Z] Ignoring unsupported arg: port {"metadata":{"emulator":{"name":"ui"},"message":"Ignoring unsupported arg: port"}}
[debug] [2021-06-05T06:11:19.245Z] Starting Emulator UI with command {"binary":"node","args":["C:\\Users\\compu\\.cache\\firebase\\emulators\\ui-v1.4.2\\server.bundle.js"],"optionalArgs":[],"joinArgs":false} {"metadata":{"emulator":{"name":"ui"},"message":"Starting Emulator UI with command {\"binary\":\"node\",\"args\":[\"C:\\\\Users\\\\compu\\\\.cache\\\\firebase\\\\emulators\\\\ui-v1.4.2\\\\server.bundle.js\"],\"optionalArgs\":[],\"joinArgs\":false}"}}
[info] i  ui: Emulator UI logging to ui-debug.log {"metadata":{"emulator":{"name":"ui"},"message":"Emulator UI logging to \u001b[1mui-debug.log\u001b[22m"}}
[debug] [2021-06-05T06:11:19.457Z] Web / API server started at http://localhost:4000
 {"metadata":{"emulator":{"name":"ui"},"message":"Web / API server started at http://localhost:4000\n"}}
[info] i  functions: Watching "D:\Web Development\amazonclone\amazon-clonefe\functions" for Cloud Functions... {"metadata":{"emulator":{"name":"functions"},"message":"Watching \"D:\\Web Development\\amazonclone\\amazon-clonefe\\functions\" for Cloud Functions..."}}
[debug] [2021-06-05T06:11:19.554Z] [worker-pool] addWorker(~diagnostic~) {"metadata":{"emulator":{"name":"functions"},"message":"[worker-pool] addWorker(~diagnostic~)"}}
[debug] [2021-06-05T06:11:19.555Z] [worker-pool] Adding worker with key ~diagnostic~, total=1 {"metadata":{"emulator":{"name":"functions"},"message":"[worker-pool] Adding worker with key ~diagnostic~, total=1"}}
[debug] [2021-06-05T06:11:19.555Z] [worker-pool] submitWork(triggerId=) {"metadata":{"emulator":{"name":"functions"},"message":"[worker-pool] submitWork(triggerId=)"}}
[debug] [2021-06-05T06:11:19.556Z] [worker-~diagnostic~-bf70f624-1878-4f77-99a1-067a5a20ff0d]: Assigning socketPath: \\?\pipe\D:\Web Development\amazonclone\amazon-clonefe\functions\22616 {"metadata":{"emulator":{"name":"functions"},"message":"[worker-~diagnostic~-bf70f624-1878-4f77-99a1-067a5a20ff0d]: Assigning socketPath: \\\\?\\pipe\\D:\\Web Development\\amazonclone\\amazon-clonefe\\functions\\22616"}}
[debug] [2021-06-05T06:11:19.557Z] [worker-~diagnostic~-bf70f624-1878-4f77-99a1-067a5a20ff0d]: BUSY {"metadata":{"emulator":{"name":"functions"},"message":"[worker-~diagnostic~-bf70f624-1878-4f77-99a1-067a5a20ff0d]: BUSY"}}
[debug] [2021-06-05T06:11:19.929Z] [runtime-status] [22616] Functions runtime initialized. {"cwd":"D:\\Web Development\\amazonclone\\amazon-clonefe\\functions","node_version":"14.16.0"} {"metadata":{"emulator":{"name":"functions"},"message":"[runtime-status] [22616] Functions runtime initialized. {\"cwd\":\"D:\\\\Web Development\\\\amazonclone\\\\amazon-clonefe\\\\functions\",\"node_version\":\"14.16.0\"}"}}
[debug] [2021-06-05T06:11:19.930Z] [runtime-status] [22616] Disabled runtime features: undefined {"metadata":{"emulator":{"name":"functions"},"message":"[runtime-status] [22616] Disabled runtime features: undefined"}}
[debug] [2021-06-05T06:11:19.933Z] [runtime-status] [22616] Resolved module firebase-admin {"declared":true,"installed":true,"version":"8.13.0","resolution":"D:\\Web Development\\amazonclone\\amazon-clonefe\\functions\\node_modules\\firebase-admin\\lib\\index.js"} {"metadata":{"emulator":{"name":"functions"},"message":"[runtime-status] [22616] Resolved module firebase-admin {\"declared\":true,\"installed\":true,\"version\":\"8.13.0\",\"resolution\":\"D:\\\\Web Development\\\\amazonclone\\\\amazon-clonefe\\\\functions\\\\node_modules\\\\firebase-admin\\\\lib\\\\index.js\"}"}}
[debug] [2021-06-05T06:11:19.934Z] [runtime-status] [22616] Resolved module firebase-functions {"declared":true,"installed":true,"version":"3.11.0","resolution":"D:\\Web Development\\amazonclone\\amazon-clonefe\\functions\\node_modules\\firebase-functions\\lib\\index.js"} {"metadata":{"emulator":{"name":"functions"},"message":"[runtime-status] [22616] Resolved module firebase-functions {\"declared\":true,\"installed\":true,\"version\":\"3.11.0\",\"resolution\":\"D:\\\\Web Development\\\\amazonclone\\\\amazon-clonefe\\\\functions\\\\node_modules\\\\firebase-functions\\\\lib\\\\index.js\"}"}}
[debug] [2021-06-05T06:11:19.936Z] [runtime-status] [22616] Resolved module firebase-functions {"declared":true,"installed":true,"version":"3.11.0","resolution":"D:\\Web Development\\amazonclone\\amazon-clonefe\\functions\\node_modules\\firebase-functions\\lib\\index.js"} {"metadata":{"emulator":{"name":"functions"},"message":"[runtime-status] [22616] Resolved module firebase-functions {\"declared\":true,\"installed\":true,\"version\":\"3.11.0\",\"resolution\":\"D:\\\\Web Development\\\\amazonclone\\\\amazon-clonefe\\\\functions\\\\node_modules\\\\firebase-functions\\\\lib\\\\index.js\"}"}}
[debug] [2021-06-05T06:11:19.938Z] [runtime-status] [22616] Outgoing network have been stubbed. [{"name":"http","status":"mocked"},{"name":"http","status":"mocked"},{"name":"https","status":"mocked"},{"name":"https","status":"mocked"},{"name":"net","status":"mocked"}] {"metadata":{"emulator":{"name":"functions"},"message":"[runtime-status] [22616] Outgoing network have been stubbed. [{\"name\":\"http\",\"status\":\"mocked\"},{\"name\":\"http\",\"status\":\"mocked\"},{\"name\":\"https\",\"status\":\"mocked\"},{\"name\":\"https\",\"status\":\"mocked\"},{\"name\":\"net\",\"status\":\"mocked\"}]"}}
[debug] [2021-06-05T06:11:19.938Z] [runtime-status] [22616] Resolved module firebase-functions {"declared":true,"installed":true,"version":"3.11.0","resolution":"D:\\Web Development\\amazonclone\\amazon-clonefe\\functions\\node_modules\\firebase-functions\\lib\\index.js"} {"metadata":{"emulator":{"name":"functions"},"message":"[runtime-status] [22616] Resolved module firebase-functions {\"declared\":true,\"installed\":true,\"version\":\"3.11.0\",\"resolution\":\"D:\\\\Web Development\\\\amazonclone\\\\amazon-clonefe\\\\functions\\\\node_modules\\\\firebase-functions\\\\lib\\\\index.js\"}"}}
[debug] [2021-06-05T06:11:19.984Z] [runtime-status] [22616] Checked functions.config() {"config":{}} {"metadata":{"emulator":{"name":"functions"},"message":"[runtime-status] [22616] Checked functions.config() {\"config\":{}}"}}
[debug] [2021-06-05T06:11:19.984Z] [runtime-status] [22616] firebase-functions has been stubbed. {"functionsResolution":{"declared":true,"installed":true,"version":"3.11.0","resolution":"D:\\Web Development\\amazonclone\\amazon-clonefe\\functions\\node_modules\\firebase-functions\\lib\\index.js"}} {"metadata":{"emulator":{"name":"functions"},"message":"[runtime-status] [22616] firebase-functions has been stubbed. {\"functionsResolution\":{\"declared\":true,\"installed\":true,\"version\":\"3.11.0\",\"resolution\":\"D:\\\\Web Development\\\\amazonclone\\\\amazon-clonefe\\\\functions\\\\node_modules\\\\firebase-functions\\\\lib\\\\index.js\"}}"}}
[debug] [2021-06-05T06:11:19.985Z] [runtime-status] [22616] Resolved module firebase-functions {"declared":true,"installed":true,"version":"3.11.0","resolution":"D:\\Web Development\\amazonclone\\amazon-clonefe\\functions\\node_modules\\firebase-functions\\lib\\index.js"} {"metadata":{"emulator":{"name":"functions"},"message":"[runtime-status] [22616] Resolved module firebase-functions {\"declared\":true,\"installed\":true,\"version\":\"3.11.0\",\"resolution\":\"D:\\\\Web Development\\\\amazonclone\\\\amazon-clonefe\\\\functions\\\\node_modules\\\\firebase-functions\\\\lib\\\\index.js\"}"}}
[debug] [2021-06-05T06:11:19.986Z] [runtime-status] [22616] Resolved module firebase-admin {"declared":true,"installed":true,"version":"8.13.0","resolution":"D:\\Web Development\\amazonclone\\amazon-clonefe\\functions\\node_modules\\firebase-admin\\lib\\index.js"} {"metadata":{"emulator":{"name":"functions"},"message":"[runtime-status] [22616] Resolved module firebase-admin {\"declared\":true,\"installed\":true,\"version\":\"8.13.0\",\"resolution\":\"D:\\\\Web Development\\\\amazonclone\\\\amazon-clonefe\\\\functions\\\\node_modules\\\\firebase-admin\\\\lib\\\\index.js\"}"}}
[debug] [2021-06-05T06:11:19.986Z] [runtime-status] [22616] Resolved module firebase-functions {"declared":true,"installed":true,"version":"3.11.0","resolution":"D:\\Web Development\\amazonclone\\amazon-clonefe\\functions\\node_modules\\firebase-functions\\lib\\index.js"} {"metadata":{"emulator":{"name":"functions"},"message":"[runtime-status] [22616] Resolved module firebase-functions {\"declared\":true,\"installed\":true,\"version\":\"3.11.0\",\"resolution\":\"D:\\\\Web Development\\\\amazonclone\\\\amazon-clonefe\\\\functions\\\\node_modules\\\\firebase-functions\\\\lib\\\\index.js\"}"}}
[debug] [2021-06-05T06:11:19.987Z] [runtime-status] [22616] firebase-admin has been stubbed. {"adminResolution":{"declared":true,"installed":true,"version":"8.13.0","resolution":"D:\\Web Development\\amazonclone\\amazon-clonefe\\functions\\node_modules\\firebase-admin\\lib\\index.js"}} {"metadata":{"emulator":{"name":"functions"},"message":"[runtime-status] [22616] firebase-admin has been stubbed. {\"adminResolution\":{\"declared\":true,\"installed\":true,\"version\":\"8.13.0\",\"resolution\":\"D:\\\\Web Development\\\\amazonclone\\\\amazon-clonefe\\\\functions\\\\node_modules\\\\firebase-admin\\\\lib\\\\index.js\"}}"}}
[info] +  functions[api]: http function initialized (http://localhost:5001/clone-8b2e1/us-central1/api). {"metadata":{"emulator":{"name":"functions"},"message":"\u001b[1mhttp\u001b[22m function initialized (http://localhost:5001/clone-8b2e1/us-central1/api)."}}
[info] 
┌─────────────────────────────────────────────────────────────┐
│ ✔  All emulators ready! It is now safe to connect your app. │
│ i  View Emulator UI at http://localhost:4000                │
└─────────────────────────────────────────────────────────────┘

┌───────────┬────────────────┬─────────────────────────────────┐
│ Emulator  │ Host:Port      │ View in Emulator UI             │
├───────────┼────────────────┼─────────────────────────────────┤
│ Functions │ localhost:5001 │ http://localhost:4000/functions │
├───────────┼────────────────┼─────────────────────────────────┤
│ Hosting   │ localhost:5000 │ n/a                             │
└───────────┴────────────────┴─────────────────────────────────┘
  Emulator Hub running at localhost:4400
  Other reserved ports: 4500

Issues? Report them at https://github.com/firebase/firebase-tools/issues and attach the *-debug.log files.
 
[debug] [2021-06-05T06:11:20.171Z] [worker-~diagnostic~-bf70f624-1878-4f77-99a1-067a5a20ff0d]: IDLE {"metadata":{"emulator":{"name":"functions"},"message":"[worker-~diagnostic~-bf70f624-1878-4f77-99a1-067a5a20ff0d]: IDLE"}}
[debug] [2021-06-05T10:03:44.594Z] [work-queue] {"queueLength":1,"workRunningCount":0}
[debug] [2021-06-05T10:03:44.597Z] [work-queue] {"queueLength":0,"workRunningCount":1}
[debug] [2021-06-05T10:03:44.598Z] Accepted request POST /clone-8b2e1/us-central1/api/payment/create?total=408120 --> api
[debug] [2021-06-05T10:03:44.619Z] [worker-pool] addWorker(api) {"metadata":{"emulator":{"name":"functions"},"message":"[worker-pool] addWorker(api)"}}
[debug] [2021-06-05T10:03:44.619Z] [worker-pool] Adding worker with key api, total=1 {"metadata":{"emulator":{"name":"functions"},"message":"[worker-pool] Adding worker with key api, total=1"}}
[debug] [2021-06-05T10:03:44.619Z] [worker-pool] submitWork(triggerId=api) {"metadata":{"emulator":{"name":"functions"},"message":"[worker-pool] submitWork(triggerId=api)"}}
[debug] [2021-06-05T10:03:44.620Z] [worker-api-dcf19ea9-7b61-4dc9-a969-53ed2e13153c]: Assigning socketPath: \\?\pipe\D:\Web Development\amazonclone\amazon-clonefe\functions\2468 {"metadata":{"emulator":{"name":"functions"},"message":"[worker-api-dcf19ea9-7b61-4dc9-a969-53ed2e13153c]: Assigning socketPath: \\\\?\\pipe\\D:\\Web Development\\amazonclone\\amazon-clonefe\\functions\\2468"}}
[debug] [2021-06-05T10:03:44.620Z] [worker-api-dcf19ea9-7b61-4dc9-a969-53ed2e13153c]: BUSY {"metadata":{"emulator":{"name":"functions"},"message":"[worker-api-dcf19ea9-7b61-4dc9-a969-53ed2e13153c]: BUSY"}}
[debug] [2021-06-05T10:03:44.925Z] [runtime-status] [2468] Functions runtime initialized. {"cwd":"D:\\Web Development\\amazonclone\\amazon-clonefe\\functions","node_version":"14.16.0"} {"metadata":{"emulator":{"name":"functions"},"function":{"name":"api"},"message":"[runtime-status] [2468] Functions runtime initialized. {\"cwd\":\"D:\\\\Web Development\\\\amazonclone\\\\amazon-clonefe\\\\functions\",\"node_version\":\"14.16.0\"}"}}
[debug] [2021-06-05T10:03:44.925Z] [runtime-status] [2468] Disabled runtime features: undefined {"metadata":{"emulator":{"name":"functions"},"function":{"name":"api"},"message":"[runtime-status] [2468] Disabled runtime features: undefined"}}
[debug] [2021-06-05T10:03:44.930Z] [runtime-status] [2468] Resolved module firebase-admin {"declared":true,"installed":true,"version":"8.13.0","resolution":"D:\\Web Development\\amazonclone\\amazon-clonefe\\functions\\node_modules\\firebase-admin\\lib\\index.js"} {"metadata":{"emulator":{"name":"functions"},"function":{"name":"api"},"message":"[runtime-status] [2468] Resolved module firebase-admin {\"declared\":true,\"installed\":true,\"version\":\"8.13.0\",\"resolution\":\"D:\\\\Web Development\\\\amazonclone\\\\amazon-clonefe\\\\functions\\\\node_modules\\\\firebase-admin\\\\lib\\\\index.js\"}"}}
[debug] [2021-06-05T10:03:44.931Z] [runtime-status] [2468] Resolved module firebase-functions {"declared":true,"installed":true,"version":"3.11.0","resolution":"D:\\Web Development\\amazonclone\\amazon-clonefe\\functions\\node_modules\\firebase-functions\\lib\\index.js"} {"metadata":{"emulator":{"name":"functions"},"function":{"name":"api"},"message":"[runtime-status] [2468] Resolved module firebase-functions {\"declared\":true,\"installed\":true,\"version\":\"3.11.0\",\"resolution\":\"D:\\\\Web Development\\\\amazonclone\\\\amazon-clonefe\\\\functions\\\\node_modules\\\\firebase-functions\\\\lib\\\\index.js\"}"}}
[debug] [2021-06-05T10:03:44.933Z] [runtime-status] [2468] Resolved module firebase-functions {"declared":true,"installed":true,"version":"3.11.0","resolution":"D:\\Web Development\\amazonclone\\amazon-clonefe\\functions\\node_modules\\firebase-functions\\lib\\index.js"} {"metadata":{"emulator":{"name":"functions"},"function":{"name":"api"},"message":"[runtime-status] [2468] Resolved module firebase-functions {\"declared\":true,\"installed\":true,\"version\":\"3.11.0\",\"resolution\":\"D:\\\\Web Development\\\\amazonclone\\\\amazon-clonefe\\\\functions\\\\node_modules\\\\firebase-functions\\\\lib\\\\index.js\"}"}}
[debug] [2021-06-05T10:03:44.934Z] [runtime-status] [2468] Outgoing network have been stubbed. [{"name":"http","status":"mocked"},{"name":"http","status":"mocked"},{"name":"https","status":"mocked"},{"name":"https","status":"mocked"},{"name":"net","status":"mocked"}] {"metadata":{"emulator":{"name":"functions"},"function":{"name":"api"},"message":"[runtime-status] [2468] Outgoing network have been stubbed. [{\"name\":\"http\",\"status\":\"mocked\"},{\"name\":\"http\",\"status\":\"mocked\"},{\"name\":\"https\",\"status\":\"mocked\"},{\"name\":\"https\",\"status\":\"mocked\"},{\"name\":\"net\",\"status\":\"mocked\"}]"}}
[debug] [2021-06-05T10:03:44.935Z] [runtime-status] [2468] Resolved module firebase-functions {"declared":true,"installed":true,"version":"3.11.0","resolution":"D:\\Web Development\\amazonclone\\amazon-clonefe\\functions\\node_modules\\firebase-functions\\lib\\index.js"} {"metadata":{"emulator":{"name":"functions"},"function":{"name":"api"},"message":"[runtime-status] [2468] Resolved module firebase-functions {\"declared\":true,\"installed\":true,\"version\":\"3.11.0\",\"resolution\":\"D:\\\\Web Development\\\\amazonclone\\\\amazon-clonefe\\\\functions\\\\node_modules\\\\firebase-functions\\\\lib\\\\index.js\"}"}}
[debug] [2021-06-05T10:03:45.000Z] [runtime-status] [2468] Checked functions.config() {"config":{}} {"metadata":{"emulator":{"name":"functions"},"function":{"name":"api"},"message":"[runtime-status] [2468] Checked functions.config() {\"config\":{}}"}}
[debug] [2021-06-05T10:03:45.001Z] [runtime-status] [2468] firebase-functions has been stubbed. {"functionsResolution":{"declared":true,"installed":true,"version":"3.11.0","resolution":"D:\\Web Development\\amazonclone\\amazon-clonefe\\functions\\node_modules\\firebase-functions\\lib\\index.js"}} {"metadata":{"emulator":{"name":"functions"},"function":{"name":"api"},"message":"[runtime-status] [2468] firebase-functions has been stubbed. {\"functionsResolution\":{\"declared\":true,\"installed\":true,\"version\":\"3.11.0\",\"resolution\":\"D:\\\\Web Development\\\\amazonclone\\\\amazon-clonefe\\\\functions\\\\node_modules\\\\firebase-functions\\\\lib\\\\index.js\"}}"}}
[debug] [2021-06-05T10:03:45.007Z] [runtime-status] [2468] Resolved module firebase-functions {"declared":true,"installed":true,"version":"3.11.0","resolution":"D:\\Web Development\\amazonclone\\amazon-clonefe\\functions\\node_modules\\firebase-functions\\lib\\index.js"} {"metadata":{"emulator":{"name":"functions"},"function":{"name":"api"},"message":"[runtime-status] [2468] Resolved module firebase-functions {\"declared\":true,\"installed\":true,\"version\":\"3.11.0\",\"resolution\":\"D:\\\\Web Development\\\\amazonclone\\\\amazon-clonefe\\\\functions\\\\node_modules\\\\firebase-functions\\\\lib\\\\index.js\"}"}}
[debug] [2021-06-05T10:03:45.008Z] [runtime-status] [2468] Resolved module firebase-admin {"declared":true,"installed":true,"version":"8.13.0","resolution":"D:\\Web Development\\amazonclone\\amazon-clonefe\\functions\\node_modules\\firebase-admin\\lib\\index.js"} {"metadata":{"emulator":{"name":"functions"},"function":{"name":"api"},"message":"[runtime-status] [2468] Resolved module firebase-admin {\"declared\":true,\"installed\":true,\"version\":\"8.13.0\",\"resolution\":\"D:\\\\Web Development\\\\amazonclone\\\\amazon-clonefe\\\\functions\\\\node_modules\\\\firebase-admin\\\\lib\\\\index.js\"}"}}
[debug] [2021-06-05T10:03:45.008Z] [runtime-status] [2468] Resolved module firebase-functions {"declared":true,"installed":true,"version":"3.11.0","resolution":"D:\\Web Development\\amazonclone\\amazon-clonefe\\functions\\node_modules\\firebase-functions\\lib\\index.js"} {"metadata":{"emulator":{"name":"functions"},"function":{"name":"api"},"message":"[runtime-status] [2468] Resolved module firebase-functions {\"declared\":true,\"installed\":true,\"version\":\"3.11.0\",\"resolution\":\"D:\\\\Web Development\\\\amazonclone\\\\amazon-clonefe\\\\functions\\\\node_modules\\\\firebase-functions\\\\lib\\\\index.js\"}"}}
[debug] [2021-06-05T10:03:45.008Z] [runtime-status] [2468] firebase-admin has been stubbed. {"adminResolution":{"declared":true,"installed":true,"version":"8.13.0","resolution":"D:\\Web Development\\amazonclone\\amazon-clonefe\\functions\\node_modules\\firebase-admin\\lib\\index.js"}} {"metadata":{"emulator":{"name":"functions"},"function":{"name":"api"},"message":"[runtime-status] [2468] firebase-admin has been stubbed. {\"adminResolution\":{\"declared\":true,\"installed\":true,\"version\":\"8.13.0\",\"resolution\":\"D:\\\\Web Development\\\\amazonclone\\\\amazon-clonefe\\\\functions\\\\node_modules\\\\firebase-admin\\\\lib\\\\index.js\"}}"}}
[debug] [2021-06-05T10:03:45.236Z] [runtime-status] [2468] Trigger "api" has been found, beginning invocation! {"metadata":{"emulator":{"name":"functions"},"function":{"name":"api"},"message":"[runtime-status] [2468] Trigger \"api\" has been found, beginning invocation!"}}
[info] i  functions: Beginning execution of "api" {"metadata":{"emulator":{"name":"functions"},"function":{"name":"api"},"message":"Beginning execution of \"api\""}}
[debug] [2021-06-05T10:03:45.238Z] [runtime-status] [2468] triggerDefinition {"httpsTrigger":{},"name":"api","entryPoint":"api"} {"metadata":{"emulator":{"name":"functions"},"function":{"name":"api"},"message":"[runtime-status] [2468] triggerDefinition {\"httpsTrigger\":{},\"name\":\"api\",\"entryPoint\":\"api\"}"}}
[debug] [2021-06-05T10:03:45.238Z] [runtime-status] [2468] Running api in mode HTTPS {"metadata":{"emulator":{"name":"functions"},"function":{"name":"api"},"message":"[runtime-status] [2468] Running api in mode HTTPS"}}
[debug] [2021-06-05T10:03:45.243Z] [runtime-status] [2468] Attempting to listen to socketPath: \\?\pipe\D:\Web Development\amazonclone\amazon-clonefe\functions\2468 {"metadata":{"emulator":{"name":"functions"},"function":{"name":"api"},"message":"[runtime-status] [2468] Attempting to listen to socketPath: \\\\?\\pipe\\D:\\Web Development\\amazonclone\\amazon-clonefe\\functions\\2468"}}
[debug] [2021-06-05T10:03:45.248Z] [functions] Runtime ready! Sending request! {"metadata":{"emulator":{"name":"functions"},"message":"[functions] Runtime ready! Sending request!"}}
[debug] [2021-06-05T10:03:45.249Z] [functions] Got req.url=/clone-8b2e1/us-central1/api/payment/create?total=408120, mapping to path=/payment/create?total=408120 {"metadata":{"emulator":{"name":"functions"},"message":"[functions] Got req.url=/clone-8b2e1/us-central1/api/payment/create?total=408120, mapping to path=/payment/create?total=408120"}}
[debug] [2021-06-05T10:03:45.259Z] [runtime-status] [2468] Ephemeral server handling POST request {"metadata":{"emulator":{"name":"functions"},"function":{"name":"api"},"message":"[runtime-status] [2468] Ephemeral server handling POST request"}}
[info] >  Payment request recieved 408120 {"user":"Payment request recieved 408120","metadata":{"emulator":{"name":"functions"},"function":{"name":"api"},"message":"\u001b[90m> \u001b[39m Payment request recieved 408120"}}
[debug] [2021-06-05T10:03:45.274Z] [runtime-status] [2468] Ephemeral server survived. {"metadata":{"emulator":{"name":"functions"},"function":{"name":"api"},"message":"[runtime-status] [2468] Ephemeral server survived."}}
[info] i  functions: Finished "api" in ~1s {"metadata":{"emulator":{"name":"functions"},"function":{"name":"api"},"message":"Finished \"api\" in ~1s"}}
[debug] [2021-06-05T10:03:45.890Z] [worker-api-dcf19ea9-7b61-4dc9-a969-53ed2e13153c]: IDLE {"metadata":{"emulator":{"name":"functions"},"message":"[worker-api-dcf19ea9-7b61-4dc9-a969-53ed2e13153c]: IDLE"}}
[debug] [2021-06-05T10:03:45.892Z] [work-queue] {"queueLength":0,"workRunningCount":0}
[debug] [2021-06-05T10:04:10.959Z] [work-queue] {"queueLength":1,"workRunningCount":0}
[debug] [2021-06-05T10:04:10.959Z] [work-queue] {"queueLength":0,"workRunningCount":1}
[debug] [2021-06-05T10:04:10.959Z] Accepted request POST /clone-8b2e1/us-central1/api/payment/create?total=0 --> api
[debug] [2021-06-05T10:04:10.960Z] [worker-pool] submitWork(triggerId=api) {"metadata":{"emulator":{"name":"functions"},"message":"[worker-pool] submitWork(triggerId=api)"}}
[debug] [2021-06-05T10:04:10.960Z] [worker-api-dcf19ea9-7b61-4dc9-a969-53ed2e13153c]: Assigning socketPath: \\?\pipe\D:\Web Development\amazonclone\amazon-clonefe\functions\2468 {"metadata":{"emulator":{"name":"functions"},"message":"[worker-api-dcf19ea9-7b61-4dc9-a969-53ed2e13153c]: Assigning socketPath: \\\\?\\pipe\\D:\\Web Development\\amazonclone\\amazon-clonefe\\functions\\2468"}}
[debug] [2021-06-05T10:04:10.960Z] [worker-api-dcf19ea9-7b61-4dc9-a969-53ed2e13153c]: BUSY {"metadata":{"emulator":{"name":"functions"},"message":"[worker-api-dcf19ea9-7b61-4dc9-a969-53ed2e13153c]: BUSY"}}
[debug] [2021-06-05T10:04:10.961Z] [runtime-status] [2468] Trigger "api" has been found, beginning invocation! {"metadata":{"emulator":{"name":"functions"},"function":{"name":"api"},"message":"[runtime-status] [2468] Trigger \"api\" has been found, beginning invocation!"}}
[info] i  functions: Beginning execution of "api" {"metadata":{"emulator":{"name":"functions"},"function":{"name":"api"},"message":"Beginning execution of \"api\""}}
[debug] [2021-06-05T10:04:10.963Z] [runtime-status] [2468] triggerDefinition {"httpsTrigger":{},"name":"api","entryPoint":"api"} {"metadata":{"emulator":{"name":"functions"},"function":{"name":"api"},"message":"[runtime-status] [2468] triggerDefinition {\"httpsTrigger\":{},\"name\":\"api\",\"entryPoint\":\"api\"}"}}
[debug] [2021-06-05T10:04:10.963Z] [runtime-status] [2468] Running api in mode HTTPS {"metadata":{"emulator":{"name":"functions"},"function":{"name":"api"},"message":"[runtime-status] [2468] Running api in mode HTTPS"}}
[debug] [2021-06-05T10:04:10.964Z] [runtime-status] [2468] Attempting to listen to socketPath: \\?\pipe\D:\Web Development\amazonclone\amazon-clonefe\functions\2468 {"metadata":{"emulator":{"name":"functions"},"function":{"name":"api"},"message":"[runtime-status] [2468] Attempting to listen to socketPath: \\\\?\\pipe\\D:\\Web Development\\amazonclone\\amazon-clonefe\\functions\\2468"}}
[debug] [2021-06-05T10:04:10.964Z] [functions] Runtime ready! Sending request! {"metadata":{"emulator":{"name":"functions"},"message":"[functions] Runtime ready! Sending request!"}}
[debug] [2021-06-05T10:04:10.965Z] [functions] Got req.url=/clone-8b2e1/us-central1/api/payment/create?total=0, mapping to path=/payment/create?total=0 {"metadata":{"emulator":{"name":"functions"},"message":"[functions] Got req.url=/clone-8b2e1/us-central1/api/payment/create?total=0, mapping to path=/payment/create?total=0"}}
[debug] [2021-06-05T10:04:10.969Z] [runtime-status] [2468] Ephemeral server handling POST request {"metadata":{"emulator":{"name":"functions"},"function":{"name":"api"},"message":"[runtime-status] [2468] Ephemeral server handling POST request"}}
[info] >  Payment request recieved 0 {"user":"Payment request recieved 0","metadata":{"emulator":{"name":"functions"},"function":{"name":"api"},"message":"\u001b[90m> \u001b[39m Payment request recieved 0"}}
[debug] [2021-06-05T10:04:10.974Z] [runtime-status] [2468] Ephemeral server survived. {"metadata":{"emulator":{"name":"functions"},"function":{"name":"api"},"message":"[runtime-status] [2468] Ephemeral server survived."}}
[info] >  (node:2468) UnhandledPromiseRejectionWarning: Error: This value must be greater than or equal to 1. {"user":"(node:2468) UnhandledPromiseRejectionWarning: Error: This value must be greater than or equal to 1.","metadata":{"emulator":{"name":"functions"},"function":{"name":"api"},"message":"\u001b[90m> \u001b[39m (node:2468) UnhandledPromiseRejectionWarning: Error: This value must be greater than or equal to 1."}}
[info] >      at Function.generate (D:\Web Development\amazonclone\amazon-clonefe\functions\node_modules\stripe\lib\Error.js:39:16) {"user":"    at Function.generate (D:\\Web Development\\amazonclone\\amazon-clonefe\\functions\\node_modules\\stripe\\lib\\Error.js:39:16)","metadata":{"emulator":{"name":"functions"},"function":{"name":"api"},"message":"\u001b[90m> \u001b[39m     at Function.generate (D:\\Web Development\\amazonclone\\amazon-clonefe\\functions\\node_modules\\stripe\\lib\\Error.js:39:16)"}}
[info] >      at IncomingMessage.<anonymous> (D:\Web Development\amazonclone\amazon-clonefe\functions\node_modules\stripe\lib\StripeResource.js:190:33) {"user":"    at IncomingMessage.<anonymous> (D:\\Web Development\\amazonclone\\amazon-clonefe\\functions\\node_modules\\stripe\\lib\\StripeResource.js:190:33)","metadata":{"emulator":{"name":"functions"},"function":{"name":"api"},"message":"\u001b[90m> \u001b[39m     at IncomingMessage.<anonymous> (D:\\Web Development\\amazonclone\\amazon-clonefe\\functions\\node_modules\\stripe\\lib\\StripeResource.js:190:33)"}}
[info] >      at Object.onceWrapper (events.js:421:28) {"user":"    at Object.onceWrapper (events.js:421:28)","metadata":{"emulator":{"name":"functions"},"function":{"name":"api"},"message":"\u001b[90m> \u001b[39m     at Object.onceWrapper (events.js:421:28)"}}
[info] >      at IncomingMessage.emit (events.js:327:22) {"user":"    at IncomingMessage.emit (events.js:327:22)","metadata":{"emulator":{"name":"functions"},"function":{"name":"api"},"message":"\u001b[90m> \u001b[39m     at IncomingMessage.emit (events.js:327:22)"}}
[info] >      at endReadableNT (internal/streams/readable.js:1327:12) {"user":"    at endReadableNT (internal/streams/readable.js:1327:12)","metadata":{"emulator":{"name":"functions"},"function":{"name":"api"},"message":"\u001b[90m> \u001b[39m     at endReadableNT (internal/streams/readable.js:1327:12)"}}
[info] >      at processTicksAndRejections (internal/process/task_queues.js:80:21) {"user":"    at processTicksAndRejections (internal/process/task_queues.js:80:21)","metadata":{"emulator":{"name":"functions"},"function":{"name":"api"},"message":"\u001b[90m> \u001b[39m     at processTicksAndRejections (internal/process/task_queues.js:80:21)"}}
[info] >  (Use `node --trace-warnings ...` to show where the warning was created) {"user":"(Use `node --trace-warnings ...` to show where the warning was created)","metadata":{"emulator":{"name":"functions"},"function":{"name":"api"},"message":"\u001b[90m> \u001b[39m (Use `node --trace-warnings ...` to show where the warning was created)"}}
[info] >  (node:2468) UnhandledPromiseRejectionWarning: Unhandled promise rejection. This error originated either by throwing inside of an async function without a catch block, or by rejecting a promise which was not handled with .catch(). To terminate the node process on unhandled promise rejection, use the CLI flag `--unhandled-rejections=strict` (see https://nodejs.org/api/cli.html#cli_unhandled_rejections_mode). (rejection id: 1) {"user":"(node:2468) UnhandledPromiseRejectionWarning: Unhandled promise rejection. This error originated either by throwing inside of an async function without a catch block, or by rejecting a promise which was not handled with .catch(). To terminate the node process on unhandled promise rejection, use the CLI flag `--unhandled-rejections=strict` (see https://nodejs.org/api/cli.html#cli_unhandled_rejections_mode). (rejection id: 1)","metadata":{"emulator":{"name":"functions"},"function":{"name":"api"},"message":"\u001b[90m> \u001b[39m (node:2468) UnhandledPromiseRejectionWarning: Unhandled promise rejection. This error originated either by throwing inside of an async function without a catch block, or by rejecting a promise which was not handled with .catch(). To terminate the node process on unhandled promise rejection, use the CLI flag `--unhandled-rejections=strict` (see https://nodejs.org/api/cli.html#cli_unhandled_rejections_mode). (rejection id: 1)"}}
[info] >  (node:2468) [DEP0018] DeprecationWarning: Unhandled promise rejections are deprecated. In the future, promise rejections that are not handled will terminate the Node.js process with a non-zero exit code. {"user":"(node:2468) [DEP0018] DeprecationWarning: Unhandled promise rejections are deprecated. In the future, promise rejections that are not handled will terminate the Node.js process with a non-zero exit code.","metadata":{"emulator":{"name":"functions"},"function":{"name":"api"},"message":"\u001b[90m> \u001b[39m (node:2468) [DEP0018] DeprecationWarning: Unhandled promise rejections are deprecated. In the future, promise rejections that are not handled will terminate the Node.js process with a non-zero exit code."}}
[warn] !  functions: Your function timed out after ~60s. To configure this timeout, see
      https://firebase.google.com/docs/functions/manage-functions#set_timeout_and_memory_allocation. {"metadata":{"emulator":{"name":"functions"},"function":{"name":"api"},"message":"Your function timed out after ~60s. To configure this timeout, see\n      https://firebase.google.com/docs/functions/manage-functions#set_timeout_and_memory_allocation."}}
[info] >  C:\Users\compu\AppData\Roaming\npm\node_modules\firebase-tools\lib\emulator\functionsEmulatorRuntime.js:644 {"user":"C:\\Users\\compu\\AppData\\Roaming\\npm\\node_modules\\firebase-tools\\lib\\emulator\\functionsEmulatorRuntime.js:644\r","metadata":{"emulator":{"name":"functions"},"function":{"name":"api"},"message":"\u001b[90m> \u001b[39m C:\\Users\\compu\\AppData\\Roaming\\npm\\node_modules\\firebase-tools\\lib\\emulator\\functionsEmulatorRuntime.js:644\r"}}
[info] >              throw new Error("Function timed out."); {"user":"            throw new Error(\"Function timed out.\");\r","metadata":{"emulator":{"name":"functions"},"function":{"name":"api"},"message":"\u001b[90m> \u001b[39m             throw new Error(\"Function timed out.\");\r"}}
[info] >              ^ {"user":"            ^\r","metadata":{"emulator":{"name":"functions"},"function":{"name":"api"},"message":"\u001b[90m> \u001b[39m             ^\r"}}
[info] >   {"user":"\r","metadata":{"emulator":{"name":"functions"},"function":{"name":"api"},"message":"\u001b[90m> \u001b[39m \r"}}
[info] >  Error: Function timed out. {"user":"Error: Function timed out.\r","metadata":{"emulator":{"name":"functions"},"function":{"name":"api"},"message":"\u001b[90m> \u001b[39m Error: Function timed out.\r"}}
[info] >      at Timeout._onTimeout (C:\Users\compu\AppData\Roaming\npm\node_modules\firebase-tools\lib\emulator\functionsEmulatorRuntime.js:644:19) {"user":"    at Timeout._onTimeout (C:\\Users\\compu\\AppData\\Roaming\\npm\\node_modules\\firebase-tools\\lib\\emulator\\functionsEmulatorRuntime.js:644:19)\r","metadata":{"emulator":{"name":"functions"},"function":{"name":"api"},"message":"\u001b[90m> \u001b[39m     at Timeout._onTimeout (C:\\Users\\compu\\AppData\\Roaming\\npm\\node_modules\\firebase-tools\\lib\\emulator\\functionsEmulatorRuntime.js:644:19)\r"}}
[info] >      at listOnTimeout (internal/timers.js:554:17) {"user":"    at listOnTimeout (internal/timers.js:554:17)\r","metadata":{"emulator":{"name":"functions"},"function":{"name":"api"},"message":"\u001b[90m> \u001b[39m     at listOnTimeout (internal/timers.js:554:17)\r"}}
[info] >      at processTimers (internal/timers.js:497:7) {"user":"    at processTimers (internal/timers.js:497:7)\r","metadata":{"emulator":{"name":"functions"},"function":{"name":"api"},"message":"\u001b[90m> \u001b[39m     at processTimers (internal/timers.js:497:7)\r"}}
[debug] [2021-06-05T10:05:10.995Z] [worker-api-dcf19ea9-7b61-4dc9-a969-53ed2e13153c]: exited {"metadata":{"emulator":{"name":"functions"},"message":"[worker-api-dcf19ea9-7b61-4dc9-a969-53ed2e13153c]: exited"}}
[debug] [2021-06-05T10:05:10.996Z] [worker-api-dcf19ea9-7b61-4dc9-a969-53ed2e13153c]: FINISHED {"metadata":{"emulator":{"name":"functions"},"message":"[worker-api-dcf19ea9-7b61-4dc9-a969-53ed2e13153c]: FINISHED"}}
[debug] [2021-06-05T10:05:10.996Z] [work-queue] {"queueLength":0,"workRunningCount":0}
[debug] [2021-06-05T10:40:26.377Z] [work-queue] {"queueLength":1,"workRunningCount":0}
[debug] [2021-06-05T10:40:26.377Z] [work-queue] {"queueLength":0,"workRunningCount":1}
[debug] [2021-06-05T10:40:26.377Z] Accepted request POST /clone-8b2e1/us-central1/api/payment/create?total=101940 --> api
[debug] [2021-06-05T10:40:26.377Z] [worker-pool] Cleaned up workers for api: 1 --> 0 {"metadata":{"emulator":{"name":"functions"},"message":"[worker-pool] Cleaned up workers for api: 1 --> 0"}}
[debug] [2021-06-05T10:40:26.382Z] [worker-pool] addWorker(api) {"metadata":{"emulator":{"name":"functions"},"message":"[worker-pool] addWorker(api)"}}
[debug] [2021-06-05T10:40:26.382Z] [worker-pool] Adding worker with key api, total=1 {"metadata":{"emulator":{"name":"functions"},"message":"[worker-pool] Adding worker with key api, total=1"}}
[debug] [2021-06-05T10:40:26.382Z] [worker-pool] submitWork(triggerId=api) {"metadata":{"emulator":{"name":"functions"},"message":"[worker-pool] submitWork(triggerId=api)"}}
[debug] [2021-06-05T10:40:26.382Z] [worker-api-68a5d0dd-de9d-4e8e-a6c1-b5d5bdabde5d]: Assigning socketPath: \\?\pipe\D:\Web Development\amazonclone\amazon-clonefe\functions\26852 {"metadata":{"emulator":{"name":"functions"},"message":"[worker-api-68a5d0dd-de9d-4e8e-a6c1-b5d5bdabde5d]: Assigning socketPath: \\\\?\\pipe\\D:\\Web Development\\amazonclone\\amazon-clonefe\\functions\\26852"}}
[debug] [2021-06-05T10:40:26.383Z] [worker-api-68a5d0dd-de9d-4e8e-a6c1-b5d5bdabde5d]: BUSY {"metadata":{"emulator":{"name":"functions"},"message":"[worker-api-68a5d0dd-de9d-4e8e-a6c1-b5d5bdabde5d]: BUSY"}}
[debug] [2021-06-05T10:40:26.643Z] [runtime-status] [26852] Functions runtime initialized. {"cwd":"D:\\Web Development\\amazonclone\\amazon-clonefe\\functions","node_version":"14.16.0"} {"metadata":{"emulator":{"name":"functions"},"function":{"name":"api"},"message":"[runtime-status] [26852] Functions runtime initialized. {\"cwd\":\"D:\\\\Web Development\\\\amazonclone\\\\amazon-clonefe\\\\functions\",\"node_version\":\"14.16.0\"}"}}
[debug] [2021-06-05T10:40:26.644Z] [runtime-status] [26852] Disabled runtime features: undefined {"metadata":{"emulator":{"name":"functions"},"function":{"name":"api"},"message":"[runtime-status] [26852] Disabled runtime features: undefined"}}
[debug] [2021-06-05T10:40:26.646Z] [runtime-status] [26852] Resolved module firebase-admin {"declared":true,"installed":true,"version":"8.13.0","resolution":"D:\\Web Development\\amazonclone\\amazon-clonefe\\functions\\node_modules\\firebase-admin\\lib\\index.js"} {"metadata":{"emulator":{"name":"functions"},"function":{"name":"api"},"message":"[runtime-status] [26852] Resolved module firebase-admin {\"declared\":true,\"installed\":true,\"version\":\"8.13.0\",\"resolution\":\"D:\\\\Web Development\\\\amazonclone\\\\amazon-clonefe\\\\functions\\\\node_modules\\\\firebase-admin\\\\lib\\\\index.js\"}"}}
[debug] [2021-06-05T10:40:26.648Z] [runtime-status] [26852] Resolved module firebase-functions {"declared":true,"installed":true,"version":"3.11.0","resolution":"D:\\Web Development\\amazonclone\\amazon-clonefe\\functions\\node_modules\\firebase-functions\\lib\\index.js"} {"metadata":{"emulator":{"name":"functions"},"function":{"name":"api"},"message":"[runtime-status] [26852] Resolved module firebase-functions {\"declared\":true,\"installed\":true,\"version\":\"3.11.0\",\"resolution\":\"D:\\\\Web Development\\\\amazonclone\\\\amazon-clonefe\\\\functions\\\\node_modules\\\\firebase-functions\\\\lib\\\\index.js\"}"}}
[debug] [2021-06-05T10:40:26.649Z] [runtime-status] [26852] Resolved module firebase-functions {"declared":true,"installed":true,"version":"3.11.0","resolution":"D:\\Web Development\\amazonclone\\amazon-clonefe\\functions\\node_modules\\firebase-functions\\lib\\index.js"} {"metadata":{"emulator":{"name":"functions"},"function":{"name":"api"},"message":"[runtime-status] [26852] Resolved module firebase-functions {\"declared\":true,\"installed\":true,\"version\":\"3.11.0\",\"resolution\":\"D:\\\\Web Development\\\\amazonclone\\\\amazon-clonefe\\\\functions\\\\node_modules\\\\firebase-functions\\\\lib\\\\index.js\"}"}}
[debug] [2021-06-05T10:40:26.651Z] [runtime-status] [26852] Outgoing network have been stubbed. [{"name":"http","status":"mocked"},{"name":"http","status":"mocked"},{"name":"https","status":"mocked"},{"name":"https","status":"mocked"},{"name":"net","status":"mocked"}] {"metadata":{"emulator":{"name":"functions"},"function":{"name":"api"},"message":"[runtime-status] [26852] Outgoing network have been stubbed. [{\"name\":\"http\",\"status\":\"mocked\"},{\"name\":\"http\",\"status\":\"mocked\"},{\"name\":\"https\",\"status\":\"mocked\"},{\"name\":\"https\",\"status\":\"mocked\"},{\"name\":\"net\",\"status\":\"mocked\"}]"}}
[debug] [2021-06-05T10:40:26.651Z] [runtime-status] [26852] Resolved module firebase-functions {"declared":true,"installed":true,"version":"3.11.0","resolution":"D:\\Web Development\\amazonclone\\amazon-clonefe\\functions\\node_modules\\firebase-functions\\lib\\index.js"} {"metadata":{"emulator":{"name":"functions"},"function":{"name":"api"},"message":"[runtime-status] [26852] Resolved module firebase-functions {\"declared\":true,\"installed\":true,\"version\":\"3.11.0\",\"resolution\":\"D:\\\\Web Development\\\\amazonclone\\\\amazon-clonefe\\\\functions\\\\node_modules\\\\firebase-functions\\\\lib\\\\index.js\"}"}}
[debug] [2021-06-05T10:40:26.697Z] [runtime-status] [26852] Checked functions.config() {"config":{}} {"metadata":{"emulator":{"name":"functions"},"function":{"name":"api"},"message":"[runtime-status] [26852] Checked functions.config() {\"config\":{}}"}}
[debug] [2021-06-05T10:40:26.698Z] [runtime-status] [26852] firebase-functions has been stubbed. {"functionsResolution":{"declared":true,"installed":true,"version":"3.11.0","resolution":"D:\\Web Development\\amazonclone\\amazon-clonefe\\functions\\node_modules\\firebase-functions\\lib\\index.js"}} {"metadata":{"emulator":{"name":"functions"},"function":{"name":"api"},"message":"[runtime-status] [26852] firebase-functions has been stubbed. {\"functionsResolution\":{\"declared\":true,\"installed\":true,\"version\":\"3.11.0\",\"resolution\":\"D:\\\\Web Development\\\\amazonclone\\\\amazon-clonefe\\\\functions\\\\node_modules\\\\firebase-functions\\\\lib\\\\index.js\"}}"}}
[debug] [2021-06-05T10:40:26.698Z] [runtime-status] [26852] Resolved module firebase-functions {"declared":true,"installed":true,"version":"3.11.0","resolution":"D:\\Web Development\\amazonclone\\amazon-clonefe\\functions\\node_modules\\firebase-functions\\lib\\index.js"} {"metadata":{"emulator":{"name":"functions"},"function":{"name":"api"},"message":"[runtime-status] [26852] Resolved module firebase-functions {\"declared\":true,\"installed\":true,\"version\":\"3.11.0\",\"resolution\":\"D:\\\\Web Development\\\\amazonclone\\\\amazon-clonefe\\\\functions\\\\node_modules\\\\firebase-functions\\\\lib\\\\index.js\"}"}}
[debug] [2021-06-05T10:40:26.699Z] [runtime-status] [26852] Resolved module firebase-admin {"declared":true,"installed":true,"version":"8.13.0","resolution":"D:\\Web Development\\amazonclone\\amazon-clonefe\\functions\\node_modules\\firebase-admin\\lib\\index.js"} {"metadata":{"emulator":{"name":"functions"},"function":{"name":"api"},"message":"[runtime-status] [26852] Resolved module firebase-admin {\"declared\":true,\"installed\":true,\"version\":\"8.13.0\",\"resolution\":\"D:\\\\Web Development\\\\amazonclone\\\\amazon-clonefe\\\\functions\\\\node_modules\\\\firebase-admin\\\\lib\\\\index.js\"}"}}
[debug] [2021-06-05T10:40:26.699Z] [runtime-status] [26852] Resolved module firebase-functions {"declared":true,"installed":true,"version":"3.11.0","resolution":"D:\\Web Development\\amazonclone\\amazon-clonefe\\functions\\node_modules\\firebase-functions\\lib\\index.js"} {"metadata":{"emulator":{"name":"functions"},"function":{"name":"api"},"message":"[runtime-status] [26852] Resolved module firebase-functions {\"declared\":true,\"installed\":true,\"version\":\"3.11.0\",\"resolution\":\"D:\\\\Web Development\\\\amazonclone\\\\amazon-clonefe\\\\functions\\\\node_modules\\\\firebase-functions\\\\lib\\\\index.js\"}"}}
[debug] [2021-06-05T10:40:26.700Z] [runtime-status] [26852] firebase-admin has been stubbed. {"adminResolution":{"declared":true,"installed":true,"version":"8.13.0","resolution":"D:\\Web Development\\amazonclone\\amazon-clonefe\\functions\\node_modules\\firebase-admin\\lib\\index.js"}} {"metadata":{"emulator":{"name":"functions"},"function":{"name":"api"},"message":"[runtime-status] [26852] firebase-admin has been stubbed. {\"adminResolution\":{\"declared\":true,\"installed\":true,\"version\":\"8.13.0\",\"resolution\":\"D:\\\\Web Development\\\\amazonclone\\\\amazon-clonefe\\\\functions\\\\node_modules\\\\firebase-admin\\\\lib\\\\index.js\"}}"}}
[debug] [2021-06-05T10:40:26.924Z] [runtime-status] [26852] Trigger "api" has been found, beginning invocation! {"metadata":{"emulator":{"name":"functions"},"function":{"name":"api"},"message":"[runtime-status] [26852] Trigger \"api\" has been found, beginning invocation!"}}
[info] i  functions: Beginning execution of "api" {"metadata":{"emulator":{"name":"functions"},"function":{"name":"api"},"message":"Beginning execution of \"api\""}}
[debug] [2021-06-05T10:40:26.925Z] [runtime-status] [26852] triggerDefinition {"httpsTrigger":{},"name":"api","entryPoint":"api"} {"metadata":{"emulator":{"name":"functions"},"function":{"name":"api"},"message":"[runtime-status] [26852] triggerDefinition {\"httpsTrigger\":{},\"name\":\"api\",\"entryPoint\":\"api\"}"}}
[debug] [2021-06-05T10:40:26.926Z] [runtime-status] [26852] Running api in mode HTTPS {"metadata":{"emulator":{"name":"functions"},"function":{"name":"api"},"message":"[runtime-status] [26852] Running api in mode HTTPS"}}
[debug] [2021-06-05T10:40:26.928Z] [runtime-status] [26852] Attempting to listen to socketPath: \\?\pipe\D:\Web Development\amazonclone\amazon-clonefe\functions\26852 {"metadata":{"emulator":{"name":"functions"},"function":{"name":"api"},"message":"[runtime-status] [26852] Attempting to listen to socketPath: \\\\?\\pipe\\D:\\Web Development\\amazonclone\\amazon-clonefe\\functions\\26852"}}
[debug] [2021-06-05T10:40:26.931Z] [functions] Runtime ready! Sending request! {"metadata":{"emulator":{"name":"functions"},"message":"[functions] Runtime ready! Sending request!"}}
[debug] [2021-06-05T10:40:26.931Z] [functions] Got req.url=/clone-8b2e1/us-central1/api/payment/create?total=101940, mapping to path=/payment/create?total=101940 {"metadata":{"emulator":{"name":"functions"},"message":"[functions] Got req.url=/clone-8b2e1/us-central1/api/payment/create?total=101940, mapping to path=/payment/create?total=101940"}}
[debug] [2021-06-05T10:40:26.936Z] [runtime-status] [26852] Ephemeral server handling POST request {"metadata":{"emulator":{"name":"functions"},"function":{"name":"api"},"message":"[runtime-status] [26852] Ephemeral server handling POST request"}}
[info] >  Payment request recieved 101940 {"user":"Payment request recieved 101940","metadata":{"emulator":{"name":"functions"},"function":{"name":"api"},"message":"\u001b[90m> \u001b[39m Payment request recieved 101940"}}
[debug] [2021-06-05T10:40:26.946Z] [runtime-status] [26852] Ephemeral server survived. {"metadata":{"emulator":{"name":"functions"},"function":{"name":"api"},"message":"[runtime-status] [26852] Ephemeral server survived."}}
[info] i  functions: Finished "api" in ~1s {"metadata":{"emulator":{"name":"functions"},"function":{"name":"api"},"message":"Finished \"api\" in ~1s"}}
[debug] [2021-06-05T10:40:27.468Z] [worker-api-68a5d0dd-de9d-4e8e-a6c1-b5d5bdabde5d]: IDLE {"metadata":{"emulator":{"name":"functions"},"message":"[worker-api-68a5d0dd-de9d-4e8e-a6c1-b5d5bdabde5d]: IDLE"}}
[debug] [2021-06-05T10:40:27.468Z] [work-queue] {"queueLength":0,"workRunningCount":0}
[debug] [2021-06-05T10:40:36.007Z] [work-queue] {"queueLength":1,"workRunningCount":0}
[debug] [2021-06-05T10:40:36.008Z] [work-queue] {"queueLength":0,"workRunningCount":1}
[debug] [2021-06-05T10:40:36.008Z] Accepted request POST /clone-8b2e1/us-central1/api/payment/create?total=0 --> api
[debug] [2021-06-05T10:40:36.008Z] [worker-pool] submitWork(triggerId=api) {"metadata":{"emulator":{"name":"functions"},"message":"[worker-pool] submitWork(triggerId=api)"}}
[debug] [2021-06-05T10:40:36.008Z] [worker-api-68a5d0dd-de9d-4e8e-a6c1-b5d5bdabde5d]: Assigning socketPath: \\?\pipe\D:\Web Development\amazonclone\amazon-clonefe\functions\26852 {"metadata":{"emulator":{"name":"functions"},"message":"[worker-api-68a5d0dd-de9d-4e8e-a6c1-b5d5bdabde5d]: Assigning socketPath: \\\\?\\pipe\\D:\\Web Development\\amazonclone\\amazon-clonefe\\functions\\26852"}}
[debug] [2021-06-05T10:40:36.008Z] [worker-api-68a5d0dd-de9d-4e8e-a6c1-b5d5bdabde5d]: BUSY {"metadata":{"emulator":{"name":"functions"},"message":"[worker-api-68a5d0dd-de9d-4e8e-a6c1-b5d5bdabde5d]: BUSY"}}
[debug] [2021-06-05T10:40:36.009Z] [runtime-status] [26852] Trigger "api" has been found, beginning invocation! {"metadata":{"emulator":{"name":"functions"},"function":{"name":"api"},"message":"[runtime-status] [26852] Trigger \"api\" has been found, beginning invocation!"}}
[info] i  functions: Beginning execution of "api" {"metadata":{"emulator":{"name":"functions"},"function":{"name":"api"},"message":"Beginning execution of \"api\""}}
[debug] [2021-06-05T10:40:36.011Z] [runtime-status] [26852] triggerDefinition {"httpsTrigger":{},"name":"api","entryPoint":"api"} {"metadata":{"emulator":{"name":"functions"},"function":{"name":"api"},"message":"[runtime-status] [26852] triggerDefinition {\"httpsTrigger\":{},\"name\":\"api\",\"entryPoint\":\"api\"}"}}
[debug] [2021-06-05T10:40:36.012Z] [runtime-status] [26852] Running api in mode HTTPS {"metadata":{"emulator":{"name":"functions"},"function":{"name":"api"},"message":"[runtime-status] [26852] Running api in mode HTTPS"}}
[debug] [2021-06-05T10:40:36.013Z] [runtime-status] [26852] Attempting to listen to socketPath: \\?\pipe\D:\Web Development\amazonclone\amazon-clonefe\functions\26852 {"metadata":{"emulator":{"name":"functions"},"function":{"name":"api"},"message":"[runtime-status] [26852] Attempting to listen to socketPath: \\\\?\\pipe\\D:\\Web Development\\amazonclone\\amazon-clonefe\\functions\\26852"}}
[debug] [2021-06-05T10:40:36.014Z] [functions] Runtime ready! Sending request! {"metadata":{"emulator":{"name":"functions"},"message":"[functions] Runtime ready! Sending request!"}}
[debug] [2021-06-05T10:40:36.015Z] [functions] Got req.url=/clone-8b2e1/us-central1/api/payment/create?total=0, mapping to path=/payment/create?total=0 {"metadata":{"emulator":{"name":"functions"},"message":"[functions] Got req.url=/clone-8b2e1/us-central1/api/payment/create?total=0, mapping to path=/payment/create?total=0"}}
[debug] [2021-06-05T10:40:36.017Z] [runtime-status] [26852] Ephemeral server handling POST request {"metadata":{"emulator":{"name":"functions"},"function":{"name":"api"},"message":"[runtime-status] [26852] Ephemeral server handling POST request"}}
[info] >  Payment request recieved 0 {"user":"Payment request recieved 0","metadata":{"emulator":{"name":"functions"},"function":{"name":"api"},"message":"\u001b[90m> \u001b[39m Payment request recieved 0"}}
[debug] [2021-06-05T10:40:36.022Z] [runtime-status] [26852] Ephemeral server survived. {"metadata":{"emulator":{"name":"functions"},"function":{"name":"api"},"message":"[runtime-status] [26852] Ephemeral server survived."}}
[info] >  (node:26852) UnhandledPromiseRejectionWarning: Error: This value must be greater than or equal to 1. {"user":"(node:26852) UnhandledPromiseRejectionWarning: Error: This value must be greater than or equal to 1.","metadata":{"emulator":{"name":"functions"},"function":{"name":"api"},"message":"\u001b[90m> \u001b[39m (node:26852) UnhandledPromiseRejectionWarning: Error: This value must be greater than or equal to 1."}}
[info] >      at Function.generate (D:\Web Development\amazonclone\amazon-clonefe\functions\node_modules\stripe\lib\Error.js:39:16) {"user":"    at Function.generate (D:\\Web Development\\amazonclone\\amazon-clonefe\\functions\\node_modules\\stripe\\lib\\Error.js:39:16)","metadata":{"emulator":{"name":"functions"},"function":{"name":"api"},"message":"\u001b[90m> \u001b[39m     at Function.generate (D:\\Web Development\\amazonclone\\amazon-clonefe\\functions\\node_modules\\stripe\\lib\\Error.js:39:16)"}}
[info] >      at IncomingMessage.<anonymous> (D:\Web Development\amazonclone\amazon-clonefe\functions\node_modules\stripe\lib\StripeResource.js:190:33) {"user":"    at IncomingMessage.<anonymous> (D:\\Web Development\\amazonclone\\amazon-clonefe\\functions\\node_modules\\stripe\\lib\\StripeResource.js:190:33)","metadata":{"emulator":{"name":"functions"},"function":{"name":"api"},"message":"\u001b[90m> \u001b[39m     at IncomingMessage.<anonymous> (D:\\Web Development\\amazonclone\\amazon-clonefe\\functions\\node_modules\\stripe\\lib\\StripeResource.js:190:33)"}}
[info] >      at Object.onceWrapper (events.js:421:28) {"user":"    at Object.onceWrapper (events.js:421:28)","metadata":{"emulator":{"name":"functions"},"function":{"name":"api"},"message":"\u001b[90m> \u001b[39m     at Object.onceWrapper (events.js:421:28)"}}
[info] >      at IncomingMessage.emit (events.js:327:22) {"user":"    at IncomingMessage.emit (events.js:327:22)","metadata":{"emulator":{"name":"functions"},"function":{"name":"api"},"message":"\u001b[90m> \u001b[39m     at IncomingMessage.emit (events.js:327:22)"}}
[info] >      at endReadableNT (internal/streams/readable.js:1327:12) {"user":"    at endReadableNT (internal/streams/readable.js:1327:12)","metadata":{"emulator":{"name":"functions"},"function":{"name":"api"},"message":"\u001b[90m> \u001b[39m     at endReadableNT (internal/streams/readable.js:1327:12)"}}
[info] >      at processTicksAndRejections (internal/process/task_queues.js:80:21) {"user":"    at processTicksAndRejections (internal/process/task_queues.js:80:21)","metadata":{"emulator":{"name":"functions"},"function":{"name":"api"},"message":"\u001b[90m> \u001b[39m     at processTicksAndRejections (internal/process/task_queues.js:80:21)"}}
[info] >  (Use `node --trace-warnings ...` to show where the warning was created) {"user":"(Use `node --trace-warnings ...` to show where the warning was created)","metadata":{"emulator":{"name":"functions"},"function":{"name":"api"},"message":"\u001b[90m> \u001b[39m (Use `node --trace-warnings ...` to show where the warning was created)"}}
[info] >  (node:26852) UnhandledPromiseRejectionWarning: Unhandled promise rejection. This error originated either by throwing inside of an async function without a catch block, or by rejecting a promise which was not handled with .catch(). To terminate the node process on unhandled promise rejection, use the CLI flag `--unhandled-rejections=strict` (see https://nodejs.org/api/cli.html#cli_unhandled_rejections_mode). (rejection id: 1) {"user":"(node:26852) UnhandledPromiseRejectionWarning: Unhandled promise rejection. This error originated either by throwing inside of an async function without a catch block, or by rejecting a promise which was not handled with .catch(). To terminate the node process on unhandled promise rejection, use the CLI flag `--unhandled-rejections=strict` (see https://nodejs.org/api/cli.html#cli_unhandled_rejections_mode). (rejection id: 1)","metadata":{"emulator":{"name":"functions"},"function":{"name":"api"},"message":"\u001b[90m> \u001b[39m (node:26852) UnhandledPromiseRejectionWarning: Unhandled promise rejection. This error originated either by throwing inside of an async function without a catch block, or by rejecting a promise which was not handled with .catch(). To terminate the node process on unhandled promise rejection, use the CLI flag `--unhandled-rejections=strict` (see https://nodejs.org/api/cli.html#cli_unhandled_rejections_mode). (rejection id: 1)"}}
[info] >  (node:26852) [DEP0018] DeprecationWarning: Unhandled promise rejections are deprecated. In the future, promise rejections that are not handled will terminate the Node.js process with a non-zero exit code. {"user":"(node:26852) [DEP0018] DeprecationWarning: Unhandled promise rejections are deprecated. In the future, promise rejections that are not handled will terminate the Node.js process with a non-zero exit code.","metadata":{"emulator":{"name":"functions"},"function":{"name":"api"},"message":"\u001b[90m> \u001b[39m (node:26852) [DEP0018] DeprecationWarning: Unhandled promise rejections are deprecated. In the future, promise rejections that are not handled will terminate the Node.js process with a non-zero exit code."}}
[warn] !  functions: Your function timed out after ~60s. To configure this timeout, see
      https://firebase.google.com/docs/functions/manage-functions#set_timeout_and_memory_allocation. {"metadata":{"emulator":{"name":"functions"},"function":{"name":"api"},"message":"Your function timed out after ~60s. To configure this timeout, see\n      https://firebase.google.com/docs/functions/manage-functions#set_timeout_and_memory_allocation."}}
[info] >  C:\Users\compu\AppData\Roaming\npm\node_modules\firebase-tools\lib\emulator\functionsEmulatorRuntime.js:644 {"user":"C:\\Users\\compu\\AppData\\Roaming\\npm\\node_modules\\firebase-tools\\lib\\emulator\\functionsEmulatorRuntime.js:644\r","metadata":{"emulator":{"name":"functions"},"function":{"name":"api"},"message":"\u001b[90m> \u001b[39m C:\\Users\\compu\\AppData\\Roaming\\npm\\node_modules\\firebase-tools\\lib\\emulator\\functionsEmulatorRuntime.js:644\r"}}
[info] >              throw new Error("Function timed out."); {"user":"            throw new Error(\"Function timed out.\");\r","metadata":{"emulator":{"name":"functions"},"function":{"name":"api"},"message":"\u001b[90m> \u001b[39m             throw new Error(\"Function timed out.\");\r"}}
[info] >              ^ {"user":"            ^\r","metadata":{"emulator":{"name":"functions"},"function":{"name":"api"},"message":"\u001b[90m> \u001b[39m             ^\r"}}
[info] >   {"user":"\r","metadata":{"emulator":{"name":"functions"},"function":{"name":"api"},"message":"\u001b[90m> \u001b[39m \r"}}
[info] >  Error: Function timed out. {"user":"Error: Function timed out.\r","metadata":{"emulator":{"name":"functions"},"function":{"name":"api"},"message":"\u001b[90m> \u001b[39m Error: Function timed out.\r"}}
[info] >      at Timeout._onTimeout (C:\Users\compu\AppData\Roaming\npm\node_modules\firebase-tools\lib\emulator\functionsEmulatorRuntime.js:644:19) {"user":"    at Timeout._onTimeout (C:\\Users\\compu\\AppData\\Roaming\\npm\\node_modules\\firebase-tools\\lib\\emulator\\functionsEmulatorRuntime.js:644:19)\r","metadata":{"emulator":{"name":"functions"},"function":{"name":"api"},"message":"\u001b[90m> \u001b[39m     at Timeout._onTimeout (C:\\Users\\compu\\AppData\\Roaming\\npm\\node_modules\\firebase-tools\\lib\\emulator\\functionsEmulatorRuntime.js:644:19)\r"}}
[info] >      at listOnTimeout (internal/timers.js:554:17) {"user":"    at listOnTimeout (internal/timers.js:554:17)\r","metadata":{"emulator":{"name":"functions"},"function":{"name":"api"},"message":"\u001b[90m> \u001b[39m     at listOnTimeout (internal/timers.js:554:17)\r"}}
[info] >      at processTimers (internal/timers.js:497:7) {"user":"    at processTimers (internal/timers.js:497:7)\r","metadata":{"emulator":{"name":"functions"},"function":{"name":"api"},"message":"\u001b[90m> \u001b[39m     at processTimers (internal/timers.js:497:7)\r"}}
[debug] [2021-06-05T10:41:36.022Z] [worker-api-68a5d0dd-de9d-4e8e-a6c1-b5d5bdabde5d]: exited {"metadata":{"emulator":{"name":"functions"},"message":"[worker-api-68a5d0dd-de9d-4e8e-a6c1-b5d5bdabde5d]: exited"}}
[debug] [2021-06-05T10:41:36.022Z] [worker-api-68a5d0dd-de9d-4e8e-a6c1-b5d5bdabde5d]: FINISHED {"metadata":{"emulator":{"name":"functions"},"message":"[worker-api-68a5d0dd-de9d-4e8e-a6c1-b5d5bdabde5d]: FINISHED"}}
[debug] [2021-06-05T10:41:36.022Z] [work-queue] {"queueLength":0,"workRunningCount":0}
